HOWTOBEABILLIONAIRE/app/build/intermediates/manifest_merge_blame_file/debug/manifest-merger-blame-debug-report.txt
1<?xml version="1.0" encoding="utf-8"?>
2<manifest xmlns:android="http://schemas.android.com/apk/res/android"
3    package="com.example.myproject22"
4    android:versionCode="1"
5    android:versionName="1.0" >
6
7    <uses-sdk
8        android:minSdkVersion="21"
8-->src\main\AndroidManifest.xml
9        android:targetSdkVersion="30" />
9-->src\main\AndroidManifest.xml
10
11    <uses-feature
11-->src\main\AndroidManifest.xml:5:5-7:35
12        android:name="android.hardware.camera"
12-->src\main\AndroidManifest.xml:6:9-47
13        android:required="true" />
13-->src\main\AndroidManifest.xml:7:9-32
14    <uses-feature android:name="android.hardware.camera.autofocus" />
14-->src\main\AndroidManifest.xml:8:5-70
14-->src\main\AndroidManifest.xml:8:19-67
15
16    <uses-permission android:name="android.permission.WRITE_EXTERNAL_STORAGE" />
16-->src\main\AndroidManifest.xml:10:5-81
16-->src\main\AndroidManifest.xml:10:22-78
17    <uses-permission android:name="android.permission.READ_EXTERNAL_STORAGE" />
17-->src\main\AndroidManifest.xml:11:5-80
17-->src\main\AndroidManifest.xml:11:22-77
18    <uses-permission android:name="android.permission.CAMERA" />
18-->src\main\AndroidManifest.xml:12:5-65
18-->src\main\AndroidManifest.xml:12:22-62
19    <uses-permission android:name="android.permission.RECORD_AUDIO" />
19-->src\main\AndroidManifest.xml:13:5-71
19-->src\main\AndroidManifest.xml:13:22-68
20    <uses-permission android:name="android.permission.INTERNET" />
20-->src\main\AndroidManifest.xml:14:5-67
20-->src\main\AndroidManifest.xml:14:22-64
21    <uses-permission android:name="android.permission.ACCESS_WIFI_STATE" />
21-->src\main\AndroidManifest.xml:15:5-76
21-->src\main\AndroidManifest.xml:15:22-73
22    <uses-permission android:name="android.permission.READ_PHONE_STATE" />
22-->src\main\AndroidManifest.xml:16:5-75
22-->src\main\AndroidManifest.xml:16:22-72
23
24    <application
24-->src\main\AndroidManifest.xml:18:5-64:19
25        android:allowBackup="true"
25-->src\main\AndroidManifest.xml:19:9-35
26        android:appComponentFactory="androidx.core.app.CoreComponentFactory"
26-->[androidx.core:core:1.4.0-alpha01] AndroidManifest.xml:24:18-86
27        android:debuggable="true"
28        android:icon="@mipmap/ic_launcher"
28-->src\main\AndroidManifest.xml:20:9-43
29        android:label="@string/app_name"
29-->src\main\AndroidManifest.xml:21:9-41
30        android:roundIcon="@mipmap/ic_launcher_round"
30-->src\main\AndroidManifest.xml:22:9-54
31        android:supportsRtl="true"
31-->src\main\AndroidManifest.xml:23:9-35
32        android:testOnly="true"
33        android:theme="@style/Theme.MyProject22" >
33-->src\main\AndroidManifest.xml:24:9-49
34        <activity android:name="com.example.myproject22.View.Activity.ForgotPasswordActivity" />
34-->src\main\AndroidManifest.xml:25:9-83
34-->src\main\AndroidManifest.xml:25:19-71
35        <activity android:name="com.example.myproject22.View.Activity.SignUpActivity" />
35-->src\main\AndroidManifest.xml:26:9-66
35-->src\main\AndroidManifest.xml:26:19-63
36        <activity android:name="com.example.myproject22.View.Activity.LoginActivity" >
36-->src\main\AndroidManifest.xml:27:9-29:20
36-->src\main\AndroidManifest.xml:27:19-62
37        </activity>
38        <activity
38-->src\main\AndroidManifest.xml:30:9-32:88
39            android:name="com.example.myproject22.View.Activity.RecordDetailActivity"
39-->src\main\AndroidManifest.xml:31:13-63
40            android:parentActivityName="com.example.myproject22.View.Activity.ReportCategoryDetailActivity" />
40-->src\main\AndroidManifest.xml:32:13-85
41        <activity android:name="com.example.myproject22.View.Activity.ReportCategoryDetailActivity" /> <!-- Phan report cua Son -->
41-->src\main\AndroidManifest.xml:33:9-80
41-->src\main\AndroidManifest.xml:33:19-77
42        <activity android:name="com.example.myproject22.View.Activity.ReportCategoryActivity" />
42-->src\main\AndroidManifest.xml:34:9-74
42-->src\main\AndroidManifest.xml:34:19-71
43        <activity
43-->src\main\AndroidManifest.xml:35:9-37:74
44            android:name="com.example.myproject22.View.Activity.AddingCategoryActivity"
44-->src\main\AndroidManifest.xml:36:13-65
45            android:parentActivityName="com.example.myproject22.View.Activity.AddingActivity" />
45-->src\main\AndroidManifest.xml:37:13-71
46        <activity android:name="com.example.myproject22.View.Activity.AddingActivity" />
46-->src\main\AndroidManifest.xml:38:9-66
46-->src\main\AndroidManifest.xml:38:19-63
47        <activity android:name="com.example.myproject22.View.Activity.ReportCategoryGraphActivity" /> <!-- phan cua Quan -->
47-->src\main\AndroidManifest.xml:39:9-79
47-->src\main\AndroidManifest.xml:39:19-76
48        <!-- Giao dien chinh -->
49        <!-- Phan cua Tam -->
50        <activity android:name="com.example.myproject22.View.Activity.GoalActivity" />
50-->src\main\AndroidManifest.xml:42:9-64
50-->src\main\AndroidManifest.xml:42:19-61
51        <activity android:name="com.example.myproject22.View.Activity.SavingActivity" >
51-->src\main\AndroidManifest.xml:43:9-49:20
51-->src\main\AndroidManifest.xml:43:19-63
52            <intent-filter>
52-->src\main\AndroidManifest.xml:44:13-48:29
53                <action android:name="android.intent.action.MAIN" />
53-->src\main\AndroidManifest.xml:45:17-69
53-->src\main\AndroidManifest.xml:45:25-66
54
55                <category android:name="android.intent.category.LAUNCHER" />
55-->src\main\AndroidManifest.xml:47:17-77
55-->src\main\AndroidManifest.xml:47:27-74
56            </intent-filter>
57        </activity>
58
59        <meta-data
59-->src\main\AndroidManifest.xml:51:9-53:57
60            android:name="preloaded_fonts"
60-->src\main\AndroidManifest.xml:52:13-43
61            android:resource="@array/preloaded_fonts" />
61-->src\main\AndroidManifest.xml:53:13-54
62
63        <provider
63-->src\main\AndroidManifest.xml:55:9-63:20
64            android:name="androidx.core.content.FileProvider"
64-->src\main\AndroidManifest.xml:56:13-62
65            android:authorities="com.example.myproject22.provider"
65-->src\main\AndroidManifest.xml:57:13-67
66            android:exported="false"
66-->src\main\AndroidManifest.xml:58:13-37
67            android:grantUriPermissions="true" >
67-->src\main\AndroidManifest.xml:59:13-47
68            <meta-data
68-->src\main\AndroidManifest.xml:60:13-62:58
69                android:name="android.support.FILE_PROVIDER_PATHS"
69-->src\main\AndroidManifest.xml:61:17-67
70                android:resource="@xml/provider_paths" />
70-->src\main\AndroidManifest.xml:62:17-55
71        </provider>
72
73        <activity
73-->[com.karumi:dexter:6.2.2] AndroidManifest.xml:27:9-29:72
74            android:name="com.karumi.dexter.DexterActivity"
74-->[com.karumi:dexter:6.2.2] AndroidManifest.xml:28:13-60
75            android:theme="@style/Dexter.Internal.Theme.Transparent" />
75-->[com.karumi:dexter:6.2.2] AndroidManifest.xml:29:13-69
76    </application>
77
78</manifest>